# JRE version: OpenJDK Runtime Environment (11.0.13) (build 11.0.13+0-b1751.21-8125866)
# Java VM: OpenJDK 64-Bit Server VM (11.0.13+0-b1751.21-8125866, mixed mode, tiered, compressed oops, g1 gc, windows-amd64)
Heap:
 garbage-first heap   total 262144K, used 202479K [0x00000000e0000000, 0x0000000100000000)
  region size 1024K, 14 young (14336K), 3 survivors (3072K)
 Metaspace       used 133168K, capacity 138222K, committed 138484K, reserved 378880K
  class space    used 17172K, capacity 19044K, committed 19072K, reserved 253952K
GC Heap History (20 events):
Event: 61.338 GC heap before
{Heap before GC invocations=40 (full 0):
 garbage-first heap   total 262144K, used 218729K [0x00000000e0000000, 0x0000000100000000)
  region size 1024K, 47 young (48128K), 6 survivors (6144K)
 Metaspace       used 126433K, capacity 130643K, committed 130804K, reserved 368640K
  class space    used 15975K, capacity 17490K, committed 17536K, reserved 253952K
}
Event: 61.349 GC heap after
{Heap after GC invocations=41 (full 0):
 garbage-first heap   total 262144K, used 185134K [0x00000000e0000000, 0x0000000100000000)
  region size 1024K, 6 young (6144K), 6 survivors (6144K)
 Metaspace       used 126433K, capacity 130643K, committed 130804K, reserved 368640K
  class space    used 15975K, capacity 17490K, committed 17536K, reserved 253952K
}
Event: 61.551 GC heap before
{Heap before GC invocations=42 (full 0):
 garbage-first heap   total 262144K, used 220974K [0x00000000e0000000, 0x0000000100000000)
  region size 1024K, 41 young (41984K), 6 survivors (6144K)
 Metaspace       used 129891K, capacity 134576K, committed 134772K, reserved 370688K
  class space    used 16652K, capacity 18374K, committed 18432K, reserved 253952K
}
Event: 61.561 GC heap after
{Heap after GC invocations=43 (full 0):
 garbage-first heap   total 262144K, used 189782K [0x00000000e0000000, 0x0000000100000000)
  region size 1024K, 4 young (4096K), 4 survivors (4096K)
 Metaspace       used 129891K, capacity 134576K, committed 134772K, reserved 370688K
  class space    used 16652K, capacity 18374K, committed 18432K, reserved 253952K
}
Event: 61.587 GC heap before
{Heap before GC invocations=43 (full 0):
 garbage-first heap   total 262144K, used 197974K [0x00000000e0000000, 0x0000000100000000)
  region size 1024K, 12 young (12288K), 4 survivors (4096K)
 Metaspace       used 130286K, capacity 134982K, committed 135156K, reserved 370688K
  class space    used 16752K, capacity 18488K, committed 18560K, reserved 253952K
}
Event: 61.594 GC heap after
{Heap after GC invocations=44 (full 0):
 garbage-first heap   total 262144K, used 186996K [0x00000000e0000000, 0x0000000100000000)
  region size 1024K, 1 young (1024K), 1 survivors (1024K)
 Metaspace       used 130286K, capacity 134982K, committed 135156K, reserved 370688K
  class space    used 16752K, capacity 18488K, committed 18560K, reserved 253952K
}
Event: 61.696 GC heap before
{Heap before GC invocations=44 (full 0):
 garbage-first heap   total 262144K, used 221812K [0x00000000e0000000, 0x0000000100000000)
  region size 1024K, 35 young (35840K), 1 survivors (1024K)
 Metaspace       used 131333K, capacity 136064K, committed 136308K, reserved 372736K
  class space    used 16911K, capacity 18657K, committed 18688K, reserved 253952K
}
Event: 61.700 GC heap after
{Heap after GC invocations=45 (full 0):
 garbage-first heap   total 262144K, used 187435K [0x00000000e0000000, 0x0000000100000000)
  region size 1024K, 2 young (2048K), 2 survivors (2048K)
 Metaspace       used 131333K, capacity 136064K, committed 136308K, reserved 372736K
  class space    used 16911K, capacity 18657K, committed 18688K, reserved 253952K
}
Event: 61.793 GC heap before
{Heap before GC invocations=45 (full 0):
 garbage-first heap   total 262144K, used 222251K [0x00000000e0000000, 0x0000000100000000)
  region size 1024K, 37 young (37888K), 2 survivors (2048K)
 Metaspace       used 132139K, capacity 137001K, committed 137332K, reserved 372736K
  class space    used 17034K, capacity 18821K, committed 18944K, reserved 253952K
}
Event: 61.796 GC heap after
{Heap after GC invocations=46 (full 0):
 garbage-first heap   total 262144K, used 188819K [0x00000000e0000000, 0x0000000100000000)
  region size 1024K, 3 young (3072K), 3 survivors (3072K)
 Metaspace       used 132139K, capacity 137001K, committed 137332K, reserved 372736K
  class space    used 17034K, capacity 18821K, committed 18944K, reserved 253952K
}
Event: 61.889 GC heap before
{Heap before GC invocations=46 (full 0):
 garbage-first heap   total 262144K, used 224659K [0x00000000e0000000, 0x0000000100000000)
  region size 1024K, 38 young (38912K), 3 survivors (3072K)
 Metaspace       used 132694K, capacity 137698K, committed 137972K, reserved 374784K
  class space    used 17145K, capacity 18987K, committed 19072K, reserved 253952K
}
Event: 61.893 GC heap after
{Heap after GC invocations=47 (full 0):
 garbage-first heap   total 262144K, used 188746K [0x00000000e0000000, 0x0000000100000000)
  region size 1024K, 3 young (3072K), 3 survivors (3072K)
 Metaspace       used 132694K, capacity 137698K, committed 137972K, reserved 374784K
  class space    used 17145K, capacity 18987K, committed 19072K, reserved 253952K
}
Event: 61.963 GC heap before
{Heap before GC invocations=47 (full 0):
 garbage-first heap   total 262144K, used 224586K [0x00000000e0000000, 0x0000000100000000)
  region size 1024K, 39 young (39936K), 3 survivors (3072K)
 Metaspace       used 132818K, capacity 137855K, committed 137972K, reserved 374784K
  class space    used 17146K, capacity 18989K, committed 19072K, reserved 253952K
}
Event: 61.968 GC heap after
{Heap after GC invocations=48 (full 0):
 garbage-first heap   total 262144K, used 191297K [0x00000000e0000000, 0x0000000100000000)
  region size 1024K, 5 young (5120K), 5 survivors (5120K)
 Metaspace       used 132818K, capacity 137855K, committed 137972K, reserved 374784K
  class space    used 17146K, capacity 18989K, committed 19072K, reserved 253952K
}
Event: 62.034 GC heap before
{Heap before GC invocations=48 (full 0):
 garbage-first heap   total 262144K, used 227137K [0x00000000e0000000, 0x0000000100000000)
  region size 1024K, 40 young (40960K), 5 survivors (5120K)
 Metaspace       used 132980K, capacity 137995K, committed 138228K, reserved 374784K
  class space    used 17167K, capacity 19034K, committed 19072K, reserved 253952K
}
Event: 62.040 GC heap after
{Heap after GC invocations=49 (full 0):
 garbage-first heap   total 262144K, used 191882K [0x00000000e0000000, 0x0000000100000000)
  region size 1024K, 2 young (2048K), 2 survivors (2048K)
 Metaspace       used 132980K, capacity 137995K, committed 138228K, reserved 374784K
  class space    used 17167K, capacity 19034K, committed 19072K, reserved 253952K
}
Event: 62.098 GC heap before
{Heap before GC invocations=49 (full 0):
 garbage-first heap   total 262144K, used 225674K [0x00000000e0000000, 0x0000000100000000)
  region size 1024K, 36 young (36864K), 2 survivors (2048K)
 Metaspace       used 133035K, capacity 138062K, committed 138228K, reserved 374784K
  class space    used 17167K, capacity 19034K, committed 19072K, reserved 253952K
}
Event: 62.100 GC heap after
{Heap after GC invocations=50 (full 0):
 garbage-first heap   total 262144K, used 191735K [0x00000000e0000000, 0x0000000100000000)
  region size 1024K, 2 young (2048K), 2 survivors (2048K)
 Metaspace       used 133035K, capacity 138062K, committed 138228K, reserved 374784K
  class space    used 17167K, capacity 19034K, committed 19072K, reserved 253952K
}
Event: 62.161 GC heap before
{Heap before GC invocations=50 (full 0):
 garbage-first heap   total 262144K, used 227575K [0x00000000e0000000, 0x0000000100000000)
  region size 1024K, 37 young (37888K), 2 survivors (2048K)
 Metaspace       used 133087K, capacity 138130K, committed 138228K, reserved 374784K
  class space    used 17167K, capacity 19034K, committed 19072K, reserved 253952K
}
Event: 62.164 GC heap after
{Heap after GC invocations=51 (full 0):
 garbage-first heap   total 262144K, used 192531K [0x00000000e0000000, 0x0000000100000000)
  region size 1024K, 3 young (3072K), 3 survivors (3072K)
 Metaspace       used 133087K, capacity 138130K, committed 138228K, reserved 374784K
  class space    used 17167K, capacity 19034K, committed 19072K, reserved 253952K
}

